Determining if the pthread_create exist failed with the following output:
Change Dir: /home/noah/RV_CV_Assignment_2_ws/build/CMakeFiles/CMakeTmp

Run Build Command:"/usr/bin/make" "cmTC_b83aa/fast"
/usr/bin/make -f CMakeFiles/cmTC_b83aa.dir/build.make CMakeFiles/cmTC_b83aa.dir/build
make[1]: Entering directory '/home/noah/RV_CV_Assignment_2_ws/build/CMakeFiles/CMakeTmp'
Building C object CMakeFiles/cmTC_b83aa.dir/CheckSymbolExists.c.o
/usr/bin/cc    -o CMakeFiles/cmTC_b83aa.dir/CheckSymbolExists.c.o   -c /home/noah/RV_CV_Assignment_2_ws/build/CMakeFiles/CMakeTmp/CheckSymbolExists.c
Linking C executable cmTC_b83aa
/usr/bin/cmake -E cmake_link_script CMakeFiles/cmTC_b83aa.dir/link.txt --verbose=1
/usr/bin/cc      -rdynamic CMakeFiles/cmTC_b83aa.dir/CheckSymbolExists.c.o  -o cmTC_b83aa 
CMakeFiles/cmTC_b83aa.dir/CheckSymbolExists.c.o: In function `main':
CheckSymbolExists.c:(.text+0x1b): undefined reference to `pthread_create'
collect2: error: ld returned 1 exit status
CMakeFiles/cmTC_b83aa.dir/build.make:97: recipe for target 'cmTC_b83aa' failed
make[1]: *** [cmTC_b83aa] Error 1
make[1]: Leaving directory '/home/noah/RV_CV_Assignment_2_ws/build/CMakeFiles/CMakeTmp'
Makefile:126: recipe for target 'cmTC_b83aa/fast' failed
make: *** [cmTC_b83aa/fast] Error 2

File /home/noah/RV_CV_Assignment_2_ws/build/CMakeFiles/CMakeTmp/CheckSymbolExists.c:
/* */
#include <pthread.h>

int main(int argc, char** argv)
{
  (void)argv;
#ifndef pthread_create
  return ((int*)(&pthread_create))[argc];
#else
  (void)argc;
  return 0;
#endif
}

Determining if the function pthread_create exists in the pthreads failed with the following output:
Change Dir: /home/noah/RV_CV_Assignment_2_ws/build/CMakeFiles/CMakeTmp

Run Build Command:"/usr/bin/make" "cmTC_37256/fast"
/usr/bin/make -f CMakeFiles/cmTC_37256.dir/build.make CMakeFiles/cmTC_37256.dir/build
make[1]: Entering directory '/home/noah/RV_CV_Assignment_2_ws/build/CMakeFiles/CMakeTmp'
Building C object CMakeFiles/cmTC_37256.dir/CheckFunctionExists.c.o
/usr/bin/cc   -DCHECK_FUNCTION_EXISTS=pthread_create   -o CMakeFiles/cmTC_37256.dir/CheckFunctionExists.c.o   -c /usr/share/cmake-3.10/Modules/CheckFunctionExists.c
Linking C executable cmTC_37256
/usr/bin/cmake -E cmake_link_script CMakeFiles/cmTC_37256.dir/link.txt --verbose=1
/usr/bin/cc  -DCHECK_FUNCTION_EXISTS=pthread_create    -rdynamic CMakeFiles/cmTC_37256.dir/CheckFunctionExists.c.o  -o cmTC_37256 -lpthreads 
/usr/bin/ld: cannot find -lpthreads
collect2: error: ld returned 1 exit status
CMakeFiles/cmTC_37256.dir/build.make:97: recipe for target 'cmTC_37256' failed
make[1]: *** [cmTC_37256] Error 1
make[1]: Leaving directory '/home/noah/RV_CV_Assignment_2_ws/build/CMakeFiles/CMakeTmp'
Makefile:126: recipe for target 'cmTC_37256/fast' failed
make: *** [cmTC_37256/fast] Error 2


